# JRE version: OpenJDK Runtime Environment Microsoft-8035246 (17.0.8+7) (build 17.0.8+7-LTS)
# Java VM: OpenJDK 64-Bit Server VM Microsoft-8035246 (17.0.8+7-LTS, mixed mode, sharing, tiered, compressed oops, compressed class ptrs, g1 gc, windows-amd64)
GC Precious Log:
 CPUs: 4 total, 4 available
 Memory: 8064M
 Large Page Support: Disabled
 NUMA Support: Disabled
 Compressed Oops: Enabled (32-bit)
 Heap Region Size: 1M
 Heap Min Capacity: 8M
 Heap Initial Capacity: 128M
 Heap Max Capacity: 2G
 Pre-touch: Disabled
 Parallel Workers: 4
 Concurrent Workers: 1
 Concurrent Refinement Workers: 4
 Periodic GC: Disabled
Heap:
 garbage-first heap   total 260096K, used 191941K [0x0000000080000000, 0x0000000100000000)
  region size 1024K, 115 young (117760K), 12 survivors (12288K)
 Metaspace       used 76294K, committed 77056K, reserved 557056K
  class space    used 10676K, committed 11008K, reserved 425984K
GC Heap History (20 events):
Event: 27.702 GC heap before
{Heap before GC invocations=24 (full 0):
 garbage-first heap   total 94208K, used 77722K [0x0000000080000000, 0x0000000100000000)
  region size 1024K, 14 young (14336K), 1 survivors (1024K)
 Metaspace       used 64316K, committed 64960K, reserved 491520K
  class space    used 9008K, committed 9344K, reserved 425984K
}
Event: 27.705 GC heap after
{Heap after GC invocations=25 (full 0):
 garbage-first heap   total 113664K, used 64983K [0x0000000080000000, 0x0000000100000000)
  region size 1024K, 1 young (1024K), 1 survivors (1024K)
 Metaspace       used 64316K, committed 64960K, reserved 491520K
  class space    used 9008K, committed 9344K, reserved 425984K
}
Event: 28.586 GC heap before
{Heap before GC invocations=26 (full 0):
 garbage-first heap   total 116736K, used 92631K [0x0000000080000000, 0x0000000100000000)
  region size 1024K, 28 young (28672K), 1 survivors (1024K)
 Metaspace       used 66222K, committed 66944K, reserved 491520K
  class space    used 9269K, committed 9600K, reserved 425984K
}
Event: 28.591 GC heap after
{Heap after GC invocations=27 (full 0):
 garbage-first heap   total 116736K, used 66655K [0x0000000080000000, 0x0000000100000000)
  region size 1024K, 3 young (3072K), 3 survivors (3072K)
 Metaspace       used 66222K, committed 66944K, reserved 491520K
  class space    used 9269K, committed 9600K, reserved 425984K
}
Event: 28.637 GC heap before
{Heap before GC invocations=27 (full 0):
 garbage-first heap   total 116736K, used 68703K [0x0000000080000000, 0x0000000100000000)
  region size 1024K, 5 young (5120K), 3 survivors (3072K)
 Metaspace       used 66339K, committed 67008K, reserved 491520K
  class space    used 9285K, committed 9600K, reserved 425984K
}
Event: 28.645 GC heap after
{Heap after GC invocations=28 (full 0):
 garbage-first heap   total 116736K, used 66265K [0x0000000080000000, 0x0000000100000000)
  region size 1024K, 1 young (1024K), 1 survivors (1024K)
 Metaspace       used 66339K, committed 67008K, reserved 491520K
  class space    used 9285K, committed 9600K, reserved 425984K
}
Event: 29.219 GC heap before
{Heap before GC invocations=28 (full 0):
 garbage-first heap   total 116736K, used 94937K [0x0000000080000000, 0x0000000100000000)
  region size 1024K, 29 young (29696K), 1 survivors (1024K)
 Metaspace       used 67923K, committed 68608K, reserved 491520K
  class space    used 9485K, committed 9792K, reserved 425984K
}
Event: 29.222 GC heap after
{Heap after GC invocations=29 (full 0):
 garbage-first heap   total 116736K, used 66888K [0x0000000080000000, 0x0000000100000000)
  region size 1024K, 1 young (1024K), 1 survivors (1024K)
 Metaspace       used 67923K, committed 68608K, reserved 491520K
  class space    used 9485K, committed 9792K, reserved 425984K
}
Event: 30.070 GC heap before
{Heap before GC invocations=30 (full 0):
 garbage-first heap   total 119808K, used 96584K [0x0000000080000000, 0x0000000100000000)
  region size 1024K, 30 young (30720K), 1 survivors (1024K)
 Metaspace       used 69207K, committed 69952K, reserved 491520K
  class space    used 9669K, committed 10048K, reserved 425984K
}
Event: 30.078 GC heap after
{Heap after GC invocations=31 (full 0):
 garbage-first heap   total 119808K, used 70458K [0x0000000080000000, 0x0000000100000000)
  region size 1024K, 4 young (4096K), 4 survivors (4096K)
 Metaspace       used 69207K, committed 69952K, reserved 491520K
  class space    used 9669K, committed 10048K, reserved 425984K
}
Event: 30.109 GC heap before
{Heap before GC invocations=31 (full 0):
 garbage-first heap   total 119808K, used 71482K [0x0000000080000000, 0x0000000100000000)
  region size 1024K, 5 young (5120K), 4 survivors (4096K)
 Metaspace       used 69214K, committed 69952K, reserved 491520K
  class space    used 9670K, committed 10048K, reserved 425984K
}
Event: 30.121 GC heap after
{Heap after GC invocations=32 (full 0):
 garbage-first heap   total 119808K, used 70359K [0x0000000080000000, 0x0000000100000000)
  region size 1024K, 1 young (1024K), 1 survivors (1024K)
 Metaspace       used 69214K, committed 69952K, reserved 491520K
  class space    used 9670K, committed 10048K, reserved 425984K
}
Event: 31.322 GC heap before
{Heap before GC invocations=32 (full 0):
 garbage-first heap   total 119808K, used 96983K [0x0000000080000000, 0x0000000100000000)
  region size 1024K, 28 young (28672K), 1 survivors (1024K)
 Metaspace       used 70372K, committed 71104K, reserved 491520K
  class space    used 9828K, committed 10176K, reserved 425984K
}
Event: 31.328 GC heap after
{Heap after GC invocations=33 (full 0):
 garbage-first heap   total 119808K, used 73421K [0x0000000080000000, 0x0000000100000000)
  region size 1024K, 4 young (4096K), 4 survivors (4096K)
 Metaspace       used 70372K, committed 71104K, reserved 491520K
  class space    used 9828K, committed 10176K, reserved 425984K
}
Event: 32.015 GC heap before
{Heap before GC invocations=34 (full 0):
 garbage-first heap   total 130048K, used 95949K [0x0000000080000000, 0x0000000100000000)
  region size 1024K, 27 young (27648K), 4 survivors (4096K)
 Metaspace       used 71924K, committed 72704K, reserved 491520K
  class space    used 10065K, committed 10432K, reserved 425984K
}
Event: 32.027 GC heap after
{Heap after GC invocations=35 (full 0):
 garbage-first heap   total 130048K, used 75107K [0x0000000080000000, 0x0000000100000000)
  region size 1024K, 2 young (2048K), 2 survivors (2048K)
 Metaspace       used 71924K, committed 72704K, reserved 491520K
  class space    used 10065K, committed 10432K, reserved 425984K
}
Event: 32.155 GC heap before
{Heap before GC invocations=35 (full 0):
 garbage-first heap   total 130048K, used 79203K [0x0000000080000000, 0x0000000100000000)
  region size 1024K, 6 young (6144K), 2 survivors (2048K)
 Metaspace       used 72104K, committed 72832K, reserved 491520K
  class space    used 10086K, committed 10432K, reserved 425984K
}
Event: 32.163 GC heap after
{Heap after GC invocations=36 (full 0):
 garbage-first heap   total 260096K, used 74617K [0x0000000080000000, 0x0000000100000000)
  region size 1024K, 1 young (1024K), 1 survivors (1024K)
 Metaspace       used 72104K, committed 72832K, reserved 491520K
  class space    used 10086K, committed 10432K, reserved 425984K
}
Event: 42.967 GC heap before
{Heap before GC invocations=36 (full 0):
 garbage-first heap   total 260096K, used 205689K [0x0000000080000000, 0x0000000100000000)
  region size 1024K, 129 young (132096K), 1 survivors (1024K)
 Metaspace       used 76245K, committed 76992K, reserved 557056K
  class space    used 10672K, committed 11008K, reserved 425984K
}
Event: 42.986 GC heap after
{Heap after GC invocations=37 (full 0):
 garbage-first heap   total 260096K, used 85445K [0x0000000080000000, 0x0000000100000000)
  region size 1024K, 12 young (12288K), 12 survivors (12288K)
 Metaspace       used 76245K, committed 76992K, reserved 557056K
  class space    used 10672K, committed 11008K, reserved 425984K
}

