# JRE version: OpenJDK Runtime Environment Microsoft-8035246 (17.0.8+7) (build 17.0.8+7-LTS)
# Java VM: OpenJDK 64-Bit Server VM Microsoft-8035246 (17.0.8+7-LTS, mixed mode, sharing, tiered, compressed oops, compressed class ptrs, g1 gc, windows-amd64)
GC Precious Log:
 CPUs: 4 total, 4 available
 Memory: 8064M
 Large Page Support: Disabled
 NUMA Support: Disabled
 Compressed Oops: Enabled (32-bit)
 Heap Region Size: 1M
 Heap Min Capacity: 8M
 Heap Initial Capacity: 128M
 Heap Max Capacity: 2G
 Pre-touch: Disabled
 Parallel Workers: 4
 Concurrent Workers: 1
 Concurrent Refinement Workers: 4
 Periodic GC: Disabled
Heap:
 garbage-first heap   total 258048K, used 131420K [0x0000000080000000, 0x0000000100000000)
  region size 1024K, 19 young (19456K), 7 survivors (7168K)
 Metaspace       used 94006K, committed 95040K, reserved 557056K
  class space    used 13258K, committed 13760K, reserved 425984K
GC Heap History (20 events):
Event: 31.194 GC heap before
{Heap before GC invocations=29 (full 0):
 garbage-first heap   total 129024K, used 75070K [0x0000000080000000, 0x0000000100000000)
  region size 1024K, 6 young (6144K), 3 survivors (3072K)
 Metaspace       used 65694K, committed 66368K, reserved 491520K
  class space    used 9305K, committed 9600K, reserved 425984K
}
Event: 31.202 GC heap after
{Heap after GC invocations=30 (full 0):
 garbage-first heap   total 129024K, used 71690K [0x0000000080000000, 0x0000000100000000)
  region size 1024K, 1 young (1024K), 1 survivors (1024K)
 Metaspace       used 65694K, committed 66368K, reserved 491520K
  class space    used 9305K, committed 9600K, reserved 425984K
}
Event: 32.506 GC heap before
{Heap before GC invocations=30 (full 0):
 garbage-first heap   total 129024K, used 101386K [0x0000000080000000, 0x0000000100000000)
  region size 1024K, 31 young (31744K), 1 survivors (1024K)
 Metaspace       used 67751K, committed 68416K, reserved 491520K
  class space    used 9685K, committed 9984K, reserved 425984K
}
Event: 32.514 GC heap after
{Heap after GC invocations=31 (full 0):
 garbage-first heap   total 258048K, used 74520K [0x0000000080000000, 0x0000000100000000)
  region size 1024K, 4 young (4096K), 4 survivors (4096K)
 Metaspace       used 67751K, committed 68416K, reserved 491520K
  class space    used 9685K, committed 9984K, reserved 425984K
}
Event: 56.041 GC heap before
{Heap before GC invocations=32 (full 0):
 garbage-first heap   total 258048K, used 188184K [0x0000000080000000, 0x0000000100000000)
  region size 1024K, 115 young (117760K), 4 survivors (4096K)
 Metaspace       used 69819K, committed 70592K, reserved 491520K
  class space    used 9881K, committed 10240K, reserved 425984K
}
Event: 56.065 GC heap after
{Heap after GC invocations=33 (full 0):
 garbage-first heap   total 258048K, used 83194K [0x0000000080000000, 0x0000000100000000)
  region size 1024K, 12 young (12288K), 12 survivors (12288K)
 Metaspace       used 69819K, committed 70592K, reserved 491520K
  class space    used 9881K, committed 10240K, reserved 425984K
}
Event: 56.198 GC heap before
{Heap before GC invocations=33 (full 0):
 garbage-first heap   total 258048K, used 83194K [0x0000000080000000, 0x0000000100000000)
  region size 1024K, 13 young (13312K), 12 survivors (12288K)
 Metaspace       used 69819K, committed 70592K, reserved 491520K
  class space    used 9881K, committed 10240K, reserved 425984K
}
Event: 56.218 GC heap after
{Heap after GC invocations=34 (full 0):
 garbage-first heap   total 258048K, used 83042K [0x0000000080000000, 0x0000000100000000)
  region size 1024K, 2 young (2048K), 2 survivors (2048K)
 Metaspace       used 69819K, committed 70592K, reserved 491520K
  class space    used 9881K, committed 10240K, reserved 425984K
}
Event: 65.253 GC heap before
{Heap before GC invocations=34 (full 0):
 garbage-first heap   total 258048K, used 195682K [0x0000000080000000, 0x0000000100000000)
  region size 1024K, 106 young (108544K), 2 survivors (2048K)
 Metaspace       used 72443K, committed 73344K, reserved 491520K
  class space    used 10204K, committed 10624K, reserved 425984K
}
Event: 65.264 GC heap after
{Heap after GC invocations=35 (full 0):
 garbage-first heap   total 258048K, used 98662K [0x0000000080000000, 0x0000000100000000)
  region size 1024K, 11 young (11264K), 11 survivors (11264K)
 Metaspace       used 72443K, committed 73344K, reserved 491520K
  class space    used 10204K, committed 10624K, reserved 425984K
}
Event: 76.799 GC heap before
{Heap before GC invocations=35 (full 0):
 garbage-first heap   total 258048K, used 201062K [0x0000000080000000, 0x0000000100000000)
  region size 1024K, 106 young (108544K), 11 survivors (11264K)
 Metaspace       used 79440K, committed 80320K, reserved 557056K
  class space    used 11026K, committed 11456K, reserved 425984K
}
Event: 77.000 GC heap after
{Heap after GC invocations=36 (full 0):
 garbage-first heap   total 258048K, used 106250K [0x0000000080000000, 0x0000000100000000)
  region size 1024K, 7 young (7168K), 7 survivors (7168K)
 Metaspace       used 79440K, committed 80320K, reserved 557056K
  class space    used 11026K, committed 11456K, reserved 425984K
}
Event: 82.630 GC heap before
{Heap before GC invocations=36 (full 0):
 garbage-first heap   total 258048K, used 200458K [0x0000000080000000, 0x0000000100000000)
  region size 1024K, 99 young (101376K), 7 survivors (7168K)
 Metaspace       used 84012K, committed 84928K, reserved 557056K
  class space    used 11667K, committed 12096K, reserved 425984K
}
Event: 82.656 GC heap after
{Heap after GC invocations=37 (full 0):
 garbage-first heap   total 258048K, used 111573K [0x0000000080000000, 0x0000000100000000)
  region size 1024K, 12 young (12288K), 12 survivors (12288K)
 Metaspace       used 84012K, committed 84928K, reserved 557056K
  class space    used 11667K, committed 12096K, reserved 425984K
}
Event: 86.110 GC heap before
{Heap before GC invocations=38 (full 0):
 garbage-first heap   total 258048K, used 205781K [0x0000000080000000, 0x0000000100000000)
  region size 1024K, 103 young (105472K), 12 survivors (12288K)
 Metaspace       used 88922K, committed 89856K, reserved 557056K
  class space    used 12510K, committed 12928K, reserved 425984K
}
Event: 86.130 GC heap after
{Heap after GC invocations=39 (full 0):
 garbage-first heap   total 258048K, used 115032K [0x0000000080000000, 0x0000000100000000)
  region size 1024K, 9 young (9216K), 9 survivors (9216K)
 Metaspace       used 88922K, committed 89856K, reserved 557056K
  class space    used 12510K, committed 12928K, reserved 425984K
}
Event: 86.227 GC heap before
{Heap before GC invocations=39 (full 0):
 garbage-first heap   total 258048K, used 118104K [0x0000000080000000, 0x0000000100000000)
  region size 1024K, 12 young (12288K), 9 survivors (9216K)
 Metaspace       used 89124K, committed 90048K, reserved 557056K
  class space    used 12547K, committed 12992K, reserved 425984K
}
Event: 86.240 GC heap after
{Heap after GC invocations=40 (full 0):
 garbage-first heap   total 258048K, used 114579K [0x0000000080000000, 0x0000000100000000)
  region size 1024K, 2 young (2048K), 2 survivors (2048K)
 Metaspace       used 89124K, committed 90048K, reserved 557056K
  class space    used 12547K, committed 12992K, reserved 425984K
}
Event: 89.018 GC heap before
{Heap before GC invocations=40 (full 0):
 garbage-first heap   total 258048K, used 207763K [0x0000000080000000, 0x0000000100000000)
  region size 1024K, 93 young (95232K), 2 survivors (2048K)
 Metaspace       used 93670K, committed 94656K, reserved 557056K
  class space    used 13221K, committed 13696K, reserved 425984K
}
Event: 89.035 GC heap after
{Heap after GC invocations=41 (full 0):
 garbage-first heap   total 258048K, used 120156K [0x0000000080000000, 0x0000000100000000)
  region size 1024K, 7 young (7168K), 7 survivors (7168K)
 Metaspace       used 93670K, committed 94656K, reserved 557056K
  class space    used 13221K, committed 13696K, reserved 425984K
}

