# JRE version: OpenJDK Runtime Environment Microsoft-8035246 (17.0.8+7) (build 17.0.8+7-LTS)
# Java VM: OpenJDK 64-Bit Server VM Microsoft-8035246 (17.0.8+7-LTS, mixed mode, sharing, tiered, compressed oops, compressed class ptrs, g1 gc, windows-amd64)
GC Precious Log:
 CPUs: 4 total, 4 available
 Memory: 8064M
 Large Page Support: Disabled
 NUMA Support: Disabled
 Compressed Oops: Enabled (32-bit)
 Heap Region Size: 1M
 Heap Min Capacity: 8M
 Heap Initial Capacity: 128M
 Heap Max Capacity: 2G
 Pre-touch: Disabled
 Parallel Workers: 4
 Concurrent Workers: 1
 Concurrent Refinement Workers: 4
 Periodic GC: Disabled
Heap:
 garbage-first heap   total 199680K, used 144979K [0x0000000080000000, 0x0000000100000000)
  region size 1024K, 26 young (26624K), 6 survivors (6144K)
 Metaspace       used 94267K, committed 95232K, reserved 557056K
  class space    used 13271K, committed 13760K, reserved 425984K
GC Heap History (20 events):
Event: 42.604 GC heap before
{Heap before GC invocations=36 (full 0):
 garbage-first heap   total 165888K, used 99789K [0x0000000080000000, 0x0000000100000000)
  region size 1024K, 8 young (8192K), 6 survivors (6144K)
 Metaspace       used 72004K, committed 72832K, reserved 491520K
  class space    used 10169K, committed 10560K, reserved 425984K
}
Event: 42.610 GC heap after
{Heap after GC invocations=37 (full 0):
 garbage-first heap   total 165888K, used 97232K [0x0000000080000000, 0x0000000100000000)
  region size 1024K, 1 young (1024K), 1 survivors (1024K)
 Metaspace       used 72004K, committed 72832K, reserved 491520K
  class space    used 10169K, committed 10560K, reserved 425984K
}
Event: 43.806 GC heap before
{Heap before GC invocations=37 (full 0):
 garbage-first heap   total 165888K, used 132048K [0x0000000080000000, 0x0000000100000000)
  region size 1024K, 36 young (36864K), 1 survivors (1024K)
 Metaspace       used 75133K, committed 76032K, reserved 491520K
  class space    used 10497K, committed 10944K, reserved 425984K
}
Event: 43.812 GC heap after
{Heap after GC invocations=38 (full 0):
 garbage-first heap   total 165888K, used 98835K [0x0000000080000000, 0x0000000100000000)
  region size 1024K, 3 young (3072K), 3 survivors (3072K)
 Metaspace       used 75133K, committed 76032K, reserved 491520K
  class space    used 10497K, committed 10944K, reserved 425984K
}
Event: 45.103 GC heap before
{Heap before GC invocations=38 (full 0):
 garbage-first heap   total 165888K, used 139795K [0x0000000080000000, 0x0000000100000000)
  region size 1024K, 38 young (38912K), 3 survivors (3072K)
 Metaspace       used 77422K, committed 78272K, reserved 557056K
  class space    used 10789K, committed 11200K, reserved 425984K
}
Event: 45.111 GC heap after
{Heap after GC invocations=39 (full 0):
 garbage-first heap   total 199680K, used 103281K [0x0000000080000000, 0x0000000100000000)
  region size 1024K, 5 young (5120K), 5 survivors (5120K)
 Metaspace       used 77422K, committed 78272K, reserved 557056K
  class space    used 10789K, committed 11200K, reserved 425984K
}
Event: 46.671 GC heap before
{Heap before GC invocations=39 (full 0):
 garbage-first heap   total 199680K, used 156529K [0x0000000080000000, 0x0000000100000000)
  region size 1024K, 57 young (58368K), 5 survivors (5120K)
 Metaspace       used 80951K, committed 81792K, reserved 557056K
  class space    used 11271K, committed 11712K, reserved 425984K
}
Event: 46.680 GC heap after
{Heap after GC invocations=40 (full 0):
 garbage-first heap   total 199680K, used 105700K [0x0000000080000000, 0x0000000100000000)
  region size 1024K, 6 young (6144K), 6 survivors (6144K)
 Metaspace       used 80951K, committed 81792K, reserved 557056K
  class space    used 11271K, committed 11712K, reserved 425984K
}
Event: 48.521 GC heap before
{Heap before GC invocations=40 (full 0):
 garbage-first heap   total 199680K, used 158948K [0x0000000080000000, 0x0000000100000000)
  region size 1024K, 58 young (59392K), 6 survivors (6144K)
 Metaspace       used 83947K, committed 84864K, reserved 557056K
  class space    used 11670K, committed 12096K, reserved 425984K
}
Event: 48.533 GC heap after
{Heap after GC invocations=41 (full 0):
 garbage-first heap   total 199680K, used 108964K [0x0000000080000000, 0x0000000100000000)
  region size 1024K, 6 young (6144K), 6 survivors (6144K)
 Metaspace       used 83947K, committed 84864K, reserved 557056K
  class space    used 11670K, committed 12096K, reserved 425984K
}
Event: 49.374 GC heap before
{Heap before GC invocations=41 (full 0):
 garbage-first heap   total 199680K, used 161188K [0x0000000080000000, 0x0000000100000000)
  region size 1024K, 57 young (58368K), 6 survivors (6144K)
 Metaspace       used 85397K, committed 86272K, reserved 557056K
  class space    used 11865K, committed 12288K, reserved 425984K
}
Event: 49.386 GC heap after
{Heap after GC invocations=42 (full 0):
 garbage-first heap   total 199680K, used 111755K [0x0000000080000000, 0x0000000100000000)
  region size 1024K, 6 young (6144K), 6 survivors (6144K)
 Metaspace       used 85397K, committed 86272K, reserved 557056K
  class space    used 11865K, committed 12288K, reserved 425984K
}
Event: 50.530 GC heap before
{Heap before GC invocations=42 (full 0):
 garbage-first heap   total 199680K, used 163979K [0x0000000080000000, 0x0000000100000000)
  region size 1024K, 57 young (58368K), 6 survivors (6144K)
 Metaspace       used 88567K, committed 89408K, reserved 557056K
  class space    used 12430K, committed 12864K, reserved 425984K
}
Event: 50.547 GC heap after
{Heap after GC invocations=43 (full 0):
 garbage-first heap   total 199680K, used 113029K [0x0000000080000000, 0x0000000100000000)
  region size 1024K, 5 young (5120K), 5 survivors (5120K)
 Metaspace       used 88567K, committed 89408K, reserved 557056K
  class space    used 12430K, committed 12864K, reserved 425984K
}
Event: 52.715 GC heap before
{Heap before GC invocations=43 (full 0):
 garbage-first heap   total 199680K, used 165253K [0x0000000080000000, 0x0000000100000000)
  region size 1024K, 56 young (57344K), 5 survivors (5120K)
 Metaspace       used 91800K, committed 92736K, reserved 557056K
  class space    used 12919K, committed 13376K, reserved 425984K
}
Event: 52.729 GC heap after
{Heap after GC invocations=44 (full 0):
 garbage-first heap   total 199680K, used 115643K [0x0000000080000000, 0x0000000100000000)
  region size 1024K, 4 young (4096K), 4 survivors (4096K)
 Metaspace       used 91800K, committed 92736K, reserved 557056K
  class space    used 12919K, committed 13376K, reserved 425984K
}
Event: 54.038 GC heap before
{Heap before GC invocations=44 (full 0):
 garbage-first heap   total 199680K, used 167867K [0x0000000080000000, 0x0000000100000000)
  region size 1024K, 55 young (56320K), 4 survivors (4096K)
 Metaspace       used 93809K, committed 94784K, reserved 557056K
  class space    used 13239K, committed 13696K, reserved 425984K
}
Event: 54.056 GC heap after
{Heap after GC invocations=45 (full 0):
 garbage-first heap   total 199680K, used 120741K [0x0000000080000000, 0x0000000100000000)
  region size 1024K, 7 young (7168K), 7 survivors (7168K)
 Metaspace       used 93809K, committed 94784K, reserved 557056K
  class space    used 13239K, committed 13696K, reserved 425984K
}
Event: 55.364 GC heap before
{Heap before GC invocations=45 (full 0):
 garbage-first heap   total 199680K, used 165797K [0x0000000080000000, 0x0000000100000000)
  region size 1024K, 52 young (53248K), 7 survivors (7168K)
 Metaspace       used 94266K, committed 95232K, reserved 557056K
  class space    used 13270K, committed 13760K, reserved 425984K
}
Event: 55.383 GC heap after
{Heap after GC invocations=46 (full 0):
 garbage-first heap   total 199680K, used 126547K [0x0000000080000000, 0x0000000100000000)
  region size 1024K, 6 young (6144K), 6 survivors (6144K)
 Metaspace       used 94266K, committed 95232K, reserved 557056K
  class space    used 13270K, committed 13760K, reserved 425984K
}

